build/app/intermediates/manifest_merge_blame_file/debug/manifest-merger-blame-debug-report.txt
1<?xml version="1.0" encoding="utf-8"?>
2<manifest xmlns:android="http://schemas.android.com/apk/res/android"
3    package="com.FinalProject.CTAMA"
4    android:versionCode="1"
5    android:versionName="1.0.0" >
6
7    <uses-sdk
8        android:minSdkVersion="23"
9        android:targetSdkVersion="29" />
10    <!--
11         Flutter needs it to communicate with the running application
12         to allow setting breakpoints, to provide hot reload, etc.
13    -->
14    <uses-permission android:name="android.permission.INTERNET" />
14-->src\main\AndroidManifest.xml:8:5-66
14-->src\main\AndroidManifest.xml:8:22-64
15    <uses-permission android:name="android.permission.WRITE_EXTERNAL_STORAGE" />
15-->src\main\AndroidManifest.xml:9:5-80
15-->src\main\AndroidManifest.xml:9:22-78
16    <uses-permission android:name="android.permission.READ_EXTERNAL_STORAGE" />
16-->src\main\AndroidManifest.xml:10:5-79
16-->src\main\AndroidManifest.xml:10:22-77
17    <uses-permission android:name="android.permission.ACCESS_COARSE_LOCATION" />
17-->src\main\AndroidManifest.xml:11:5-81
17-->src\main\AndroidManifest.xml:11:23-79
18    <uses-permission android:name="android.permission.ACCESS_FINE_LOCATION" /> <!-- Include required permissions for Google Maps API to run. -->
18-->src\main\AndroidManifest.xml:12:5-78
18-->src\main\AndroidManifest.xml:12:22-76
19    <uses-permission android:name="android.permission.ACCESS_NETWORK_STATE" />
19-->[com.google.android.gms:play-services-maps:17.0.0] AndroidManifest.xml:23:5-79
19-->[com.google.android.gms:play-services-maps:17.0.0] AndroidManifest.xml:23:22-76
20
21    <uses-feature
21-->[com.google.android.gms:play-services-maps:17.0.0] AndroidManifest.xml:26:5-28:35
22        android:glEsVersion="0x00020000"
22-->[com.google.android.gms:play-services-maps:17.0.0] AndroidManifest.xml:27:9-41
23        android:required="true" />
23-->[com.google.android.gms:play-services-maps:17.0.0] AndroidManifest.xml:28:9-32
24
25    <application
25-->src\main\AndroidManifest.xml:14:5-55:19
26        android:name="io.flutter.app.FlutterApplication"
26-->src\main\AndroidManifest.xml:15:9-57
27        android:appComponentFactory="androidx.core.app.CoreComponentFactory"
27-->[androidx.core:core:1.3.2] AndroidManifest.xml:24:18-86
28        android:debuggable="true"
29        android:icon="@mipmap/ic_launcher"
29-->src\main\AndroidManifest.xml:18:9-43
30        android:label="CTAMA"
30-->src\main\AndroidManifest.xml:17:9-30
31        android:requestLegacyExternalStorage="true" >
31-->src\main\AndroidManifest.xml:16:9-52
32        <meta-data
32-->src\main\AndroidManifest.xml:19:9-20:73
33            android:name="com.google.android.geo.API_KEY"
33-->src\main\AndroidManifest.xml:19:20-65
34            android:value="AIzaSyCK6qlFqxIFvu_fmPK_fmH5qXOAigB68lA" />
34-->src\main\AndroidManifest.xml:20:16-71
35
36        <activity
36-->src\main\AndroidManifest.xml:21:9-49:20
37            android:name="com.example.CTAMA.MainActivity"
37-->src\main\AndroidManifest.xml:22:13-41
38            android:configChanges="orientation|keyboardHidden|keyboard|screenSize|smallestScreenSize|locale|layoutDirection|fontScale|screenLayout|density|uiMode"
38-->src\main\AndroidManifest.xml:25:13-163
39            android:hardwareAccelerated="true"
39-->src\main\AndroidManifest.xml:26:13-47
40            android:launchMode="singleTop"
40-->src\main\AndroidManifest.xml:23:13-43
41            android:theme="@style/LaunchTheme"
41-->src\main\AndroidManifest.xml:24:13-47
42            android:windowSoftInputMode="adjustResize" >
42-->src\main\AndroidManifest.xml:27:13-55
43
44            <!--
45                 Specifies an Android theme to apply to this Activity as soon as
46                 the Android process has started. This theme is visible to the user
47                 while the Flutter UI initializes. After that, this theme continues
48                 to determine the Window background behind the Flutter UI.
49            -->
50            <meta-data
50-->src\main\AndroidManifest.xml:32:13-35:17
51                android:name="io.flutter.embedding.android.NormalTheme"
51-->src\main\AndroidManifest.xml:33:15-70
52                android:resource="@style/NormalTheme" />
52-->src\main\AndroidManifest.xml:34:15-52
53            <!--
54                 Displays an Android View that continues showing the launch screen
55                 Drawable until Flutter paints its first frame, then this splash
56                 screen fades out. A splash screen is useful to avoid any visual
57                 gap between the end of Android's launch screen and the painting of
58                 Flutter's first frame.
59            -->
60            <meta-data
60-->src\main\AndroidManifest.xml:41:13-44:17
61                android:name="io.flutter.embedding.android.SplashScreenDrawable"
61-->src\main\AndroidManifest.xml:42:15-79
62                android:resource="@drawable/launch_background" />
62-->src\main\AndroidManifest.xml:43:15-61
63
64            <intent-filter>
64-->src\main\AndroidManifest.xml:45:13-48:29
65                <action android:name="android.intent.action.MAIN" />
65-->src\main\AndroidManifest.xml:46:17-68
65-->src\main\AndroidManifest.xml:46:25-66
66
67                <category android:name="android.intent.category.LAUNCHER" />
67-->src\main\AndroidManifest.xml:47:17-76
67-->src\main\AndroidManifest.xml:47:27-74
68            </intent-filter>
69        </activity>
70        <!--
71             Don't delete the meta-data below.
72             This is used by the Flutter tool to generate GeneratedPluginRegistrant.java
73        -->
74        <meta-data
74-->src\main\AndroidManifest.xml:52:9-54:33
75            android:name="flutterEmbedding"
75-->src\main\AndroidManifest.xml:53:13-44
76            android:value="2" />
76-->src\main\AndroidManifest.xml:54:13-30
77
78        <service
78-->[:firebase_storage] AndroidManifest.xml:8:9-12:19
79            android:name="com.google.firebase.components.ComponentDiscoveryService"
79-->[:firebase_storage] AndroidManifest.xml:8:18-89
80            android:directBootAware="true"
80-->[com.google.firebase:firebase-common:19.5.0] AndroidManifest.xml:35:13-43
81            android:exported="false" >
81-->[com.google.firebase:firebase-auth:20.0.1] AndroidManifest.xml:76:13-37
82            <meta-data
82-->[:firebase_storage] AndroidManifest.xml:9:13-11:85
83                android:name="com.google.firebase.components:io.flutter.plugins.firebase.storage.FlutterFirebaseAppRegistrar"
83-->[:firebase_storage] AndroidManifest.xml:10:17-126
84                android:value="com.google.firebase.components.ComponentRegistrar" />
84-->[:firebase_storage] AndroidManifest.xml:11:17-82
85            <meta-data
85-->[:cloud_firestore] AndroidManifest.xml:9:13-11:85
86                android:name="com.google.firebase.components:io.flutter.plugins.firebase.firestore.FlutterFirebaseFirestoreRegistrar"
86-->[:cloud_firestore] AndroidManifest.xml:10:17-134
87                android:value="com.google.firebase.components.ComponentRegistrar" />
87-->[:cloud_firestore] AndroidManifest.xml:11:17-82
88            <meta-data
88-->[:firebase_auth] AndroidManifest.xml:9:13-11:85
89                android:name="com.google.firebase.components:io.flutter.plugins.firebase.auth.FlutterFirebaseAuthRegistrar"
89-->[:firebase_auth] AndroidManifest.xml:10:17-124
90                android:value="com.google.firebase.components.ComponentRegistrar" />
90-->[:firebase_auth] AndroidManifest.xml:11:17-82
91            <meta-data
91-->[:firebase_core] AndroidManifest.xml:9:13-11:85
92                android:name="com.google.firebase.components:io.flutter.plugins.firebase.core.FlutterFirebaseCoreRegistrar"
92-->[:firebase_core] AndroidManifest.xml:10:17-124
93                android:value="com.google.firebase.components.ComponentRegistrar" />
93-->[:firebase_core] AndroidManifest.xml:11:17-82
94            <meta-data
94-->[com.google.firebase:firebase-auth:20.0.1] AndroidManifest.xml:77:13-79:85
95                android:name="com.google.firebase.components:com.google.firebase.auth.FirebaseAuthRegistrar"
95-->[com.google.firebase:firebase-auth:20.0.1] AndroidManifest.xml:78:17-109
96                android:value="com.google.firebase.components.ComponentRegistrar" />
96-->[com.google.firebase:firebase-auth:20.0.1] AndroidManifest.xml:79:17-82
97            <meta-data
97-->[com.google.firebase:firebase-firestore:22.0.1] AndroidManifest.xml:20:13-22:85
98                android:name="com.google.firebase.components:com.google.firebase.firestore.FirestoreRegistrar"
98-->[com.google.firebase:firebase-firestore:22.0.1] AndroidManifest.xml:21:17-111
99                android:value="com.google.firebase.components.ComponentRegistrar" />
99-->[com.google.firebase:firebase-firestore:22.0.1] AndroidManifest.xml:22:17-82
100            <meta-data
100-->[com.google.firebase:firebase-storage:19.2.1] AndroidManifest.xml:33:13-35:85
101                android:name="com.google.firebase.components:com.google.firebase.storage.StorageRegistrar"
101-->[com.google.firebase:firebase-storage:19.2.1] AndroidManifest.xml:34:17-107
102                android:value="com.google.firebase.components.ComponentRegistrar" />
102-->[com.google.firebase:firebase-storage:19.2.1] AndroidManifest.xml:35:17-82
103            <!--
104                This registrar is not defined in the dynamic-module-support sdk itself to allow non-firebase
105                clients to use it as well, by defining this registrar in their own core/common library.
106            -->
107            <meta-data
107-->[com.google.firebase:firebase-common:19.5.0] AndroidManifest.xml:43:13-45:85
108                android:name="com.google.firebase.components:com.google.firebase.dynamicloading.DynamicLoadingRegistrar"
108-->[com.google.firebase:firebase-common:19.5.0] AndroidManifest.xml:44:17-121
109                android:value="com.google.firebase.components.ComponentRegistrar" />
109-->[com.google.firebase:firebase-common:19.5.0] AndroidManifest.xml:45:17-82
110        </service>
111
112        <activity
112-->[:url_launcher] AndroidManifest.xml:8:9-11:74
113            android:name="io.flutter.plugins.urllauncher.WebViewActivity"
113-->[:url_launcher] AndroidManifest.xml:9:13-74
114            android:exported="false"
114-->[:url_launcher] AndroidManifest.xml:10:13-37
115            android:theme="@android:style/Theme.NoTitleBar.Fullscreen" />
115-->[:url_launcher] AndroidManifest.xml:11:13-71
116
117        <service
117-->[:location] AndroidManifest.xml:11:9-15:56
118            android:name="com.lyokone.location.FlutterLocationService"
118-->[:location] AndroidManifest.xml:12:13-71
119            android:enabled="true"
119-->[:location] AndroidManifest.xml:13:13-35
120            android:exported="false"
120-->[:location] AndroidManifest.xml:14:13-37
121            android:foregroundServiceType="location" /> <!-- Needs to be explicitly declared on P+ -->
121-->[:location] AndroidManifest.xml:15:13-53
122        <uses-library
122-->[com.google.android.gms:play-services-maps:17.0.0] AndroidManifest.xml:33:9-35:40
123            android:name="org.apache.http.legacy"
123-->[com.google.android.gms:play-services-maps:17.0.0] AndroidManifest.xml:34:13-50
124            android:required="false" />
124-->[com.google.android.gms:play-services-maps:17.0.0] AndroidManifest.xml:35:13-37
125
126        <activity
126-->[com.google.firebase:firebase-auth:20.0.1] AndroidManifest.xml:27:9-44:20
127            android:name="com.google.firebase.auth.internal.GenericIdpActivity"
127-->[com.google.firebase:firebase-auth:20.0.1] AndroidManifest.xml:28:13-80
128            android:excludeFromRecents="true"
128-->[com.google.firebase:firebase-auth:20.0.1] AndroidManifest.xml:29:13-46
129            android:exported="true"
129-->[com.google.firebase:firebase-auth:20.0.1] AndroidManifest.xml:30:13-36
130            android:launchMode="singleTask"
130-->[com.google.firebase:firebase-auth:20.0.1] AndroidManifest.xml:31:13-44
131            android:theme="@android:style/Theme.Translucent.NoTitleBar" >
131-->[com.google.firebase:firebase-auth:20.0.1] AndroidManifest.xml:32:13-72
132            <intent-filter>
132-->[com.google.firebase:firebase-auth:20.0.1] AndroidManifest.xml:33:13-43:29
133                <action android:name="android.intent.action.VIEW" />
133-->[com.google.firebase:firebase-auth:20.0.1] AndroidManifest.xml:34:17-69
133-->[com.google.firebase:firebase-auth:20.0.1] AndroidManifest.xml:34:25-66
134
135                <category android:name="android.intent.category.DEFAULT" />
135-->[com.google.firebase:firebase-auth:20.0.1] AndroidManifest.xml:36:17-76
135-->[com.google.firebase:firebase-auth:20.0.1] AndroidManifest.xml:36:27-73
136                <category android:name="android.intent.category.BROWSABLE" />
136-->[com.google.firebase:firebase-auth:20.0.1] AndroidManifest.xml:37:17-78
136-->[com.google.firebase:firebase-auth:20.0.1] AndroidManifest.xml:37:27-75
137
138                <data
138-->[com.google.firebase:firebase-auth:20.0.1] AndroidManifest.xml:39:17-42:51
139                    android:host="firebase.auth"
139-->[com.google.firebase:firebase-auth:20.0.1] AndroidManifest.xml:40:21-49
140                    android:path="/"
140-->[com.google.firebase:firebase-auth:20.0.1] AndroidManifest.xml:41:21-37
141                    android:scheme="genericidp" />
141-->[com.google.firebase:firebase-auth:20.0.1] AndroidManifest.xml:42:21-48
142            </intent-filter>
143        </activity>
144        <activity
144-->[com.google.firebase:firebase-auth:20.0.1] AndroidManifest.xml:45:9-62:20
145            android:name="com.google.firebase.auth.internal.RecaptchaActivity"
145-->[com.google.firebase:firebase-auth:20.0.1] AndroidManifest.xml:46:13-79
146            android:excludeFromRecents="true"
146-->[com.google.firebase:firebase-auth:20.0.1] AndroidManifest.xml:47:13-46
147            android:exported="true"
147-->[com.google.firebase:firebase-auth:20.0.1] AndroidManifest.xml:48:13-36
148            android:launchMode="singleTask"
148-->[com.google.firebase:firebase-auth:20.0.1] AndroidManifest.xml:49:13-44
149            android:theme="@android:style/Theme.Translucent.NoTitleBar" >
149-->[com.google.firebase:firebase-auth:20.0.1] AndroidManifest.xml:50:13-72
150            <intent-filter>
150-->[com.google.firebase:firebase-auth:20.0.1] AndroidManifest.xml:51:13-61:29
151                <action android:name="android.intent.action.VIEW" />
151-->[com.google.firebase:firebase-auth:20.0.1] AndroidManifest.xml:34:17-69
151-->[com.google.firebase:firebase-auth:20.0.1] AndroidManifest.xml:34:25-66
152
153                <category android:name="android.intent.category.DEFAULT" />
153-->[com.google.firebase:firebase-auth:20.0.1] AndroidManifest.xml:36:17-76
153-->[com.google.firebase:firebase-auth:20.0.1] AndroidManifest.xml:36:27-73
154                <category android:name="android.intent.category.BROWSABLE" />
154-->[com.google.firebase:firebase-auth:20.0.1] AndroidManifest.xml:37:17-78
154-->[com.google.firebase:firebase-auth:20.0.1] AndroidManifest.xml:37:27-75
155
156                <data
156-->[com.google.firebase:firebase-auth:20.0.1] AndroidManifest.xml:39:17-42:51
157                    android:host="firebase.auth"
157-->[com.google.firebase:firebase-auth:20.0.1] AndroidManifest.xml:40:21-49
158                    android:path="/"
158-->[com.google.firebase:firebase-auth:20.0.1] AndroidManifest.xml:41:21-37
159                    android:scheme="recaptcha" />
159-->[com.google.firebase:firebase-auth:20.0.1] AndroidManifest.xml:42:21-48
160            </intent-filter>
161        </activity>
162
163        <service
163-->[com.google.firebase:firebase-auth:20.0.1] AndroidManifest.xml:64:9-73:19
164            android:name="com.google.firebase.auth.api.fallback.service.FirebaseAuthFallbackService"
164-->[com.google.firebase:firebase-auth:20.0.1] AndroidManifest.xml:65:13-101
165            android:enabled="true"
165-->[com.google.firebase:firebase-auth:20.0.1] AndroidManifest.xml:66:13-35
166            android:exported="false" >
166-->[com.google.firebase:firebase-auth:20.0.1] AndroidManifest.xml:67:13-37
167            <intent-filter>
167-->[com.google.firebase:firebase-auth:20.0.1] AndroidManifest.xml:68:13-72:29
168                <action android:name="com.google.firebase.auth.api.gms.service.START" />
168-->[com.google.firebase:firebase-auth:20.0.1] AndroidManifest.xml:69:17-89
168-->[com.google.firebase:firebase-auth:20.0.1] AndroidManifest.xml:69:25-86
169
170                <category android:name="android.intent.category.DEFAULT" />
170-->[com.google.firebase:firebase-auth:20.0.1] AndroidManifest.xml:36:17-76
170-->[com.google.firebase:firebase-auth:20.0.1] AndroidManifest.xml:36:27-73
171            </intent-filter>
172        </service>
173
174        <activity
174-->[com.google.android.gms:play-services-base:17.1.0] AndroidManifest.xml:23:9-26:75
175            android:name="com.google.android.gms.common.api.GoogleApiActivity"
175-->[com.google.android.gms:play-services-base:17.1.0] AndroidManifest.xml:24:13-79
176            android:exported="false"
176-->[com.google.android.gms:play-services-base:17.1.0] AndroidManifest.xml:25:13-37
177            android:theme="@android:style/Theme.Translucent.NoTitleBar" />
177-->[com.google.android.gms:play-services-base:17.1.0] AndroidManifest.xml:26:13-72
178
179        <provider
179-->[com.google.firebase:firebase-common:19.5.0] AndroidManifest.xml:26:9-31:39
180            android:name="com.google.firebase.provider.FirebaseInitProvider"
180-->[com.google.firebase:firebase-common:19.5.0] AndroidManifest.xml:27:13-77
181            android:authorities="com.FinalProject.CTAMA.firebaseinitprovider"
181-->[com.google.firebase:firebase-common:19.5.0] AndroidManifest.xml:28:13-72
182            android:directBootAware="true"
182-->[com.google.firebase:firebase-common:19.5.0] AndroidManifest.xml:29:13-43
183            android:exported="false"
183-->[com.google.firebase:firebase-common:19.5.0] AndroidManifest.xml:30:13-37
184            android:initOrder="100" />
184-->[com.google.firebase:firebase-common:19.5.0] AndroidManifest.xml:31:13-36
185
186        <meta-data
186-->[com.google.android.gms:play-services-basement:17.1.0] AndroidManifest.xml:23:9-25:69
187            android:name="com.google.android.gms.version"
187-->[com.google.android.gms:play-services-basement:17.1.0] AndroidManifest.xml:24:13-58
188            android:value="@integer/google_play_services_version" />
188-->[com.google.android.gms:play-services-basement:17.1.0] AndroidManifest.xml:25:13-66
189    </application>
190
191</manifest>